# JRE version: OpenJDK Runtime Environment (19.0.2+7) (build 19.0.2+7-44)
# Java VM: OpenJDK 64-Bit Server VM (19.0.2+7-44, mixed mode, emulated-client, sharing, tiered, compressed oops, compressed class ptrs, g1 gc, windows-amd64)
GC Precious Log:
 CardTable entry size: 512
 Card Set container configuration: InlinePtr #cards 5 size 8 Array Of Cards #cards 12 size 40 Howl #buckets 4 coarsen threshold 1843 Howl Bitmap #cards 512 size 80 coarsen threshold 460 Card regions per heap region 1 cards per card region 2048
 CPUs: 4 total, 4 available
 Memory: 3976M
 Large Page Support: Disabled
 NUMA Support: Disabled
 Compressed Oops: Enabled (32-bit)
 Heap Region Size: 1M
 Heap Min Capacity: 8M
 Heap Initial Capacity: 64M
 Heap Max Capacity: 996M
 Pre-touch: Disabled
 Parallel Workers: 4
 Concurrent Workers: 1
 Concurrent Refinement Workers: 4
 Periodic GC: Disabled
Heap:
 garbage-first heap   total 72704K, used 51850K [0x00000000c1c00000, 0x0000000100000000)
  region size 1024K, 35 young (35840K), 2 survivors (2048K)
 Metaspace       used 46537K, committed 46976K, reserved 1114112K
  class space    used 6335K, committed 6528K, reserved 1048576K
GC Heap History (20 events):
Event: 6.251 GC heap before
{Heap before GC invocations=1 (full 0):
 garbage-first heap   total 65536K, used 17858K [0x00000000c1c00000, 0x0000000100000000)
  region size 1024K, 14 young (14336K), 2 survivors (2048K)
 Metaspace       used 7670K, committed 7872K, reserved 1114112K
  class space    used 893K, committed 960K, reserved 1048576K
}
Event: 6.258 GC heap after
{Heap after GC invocations=2 (full 0):
 garbage-first heap   total 65536K, used 8193K [0x00000000c1c00000, 0x0000000100000000)
  region size 1024K, 2 young (2048K), 2 survivors (2048K)
 Metaspace       used 7670K, committed 7872K, reserved 1114112K
  class space    used 893K, committed 960K, reserved 1048576K
}
Event: 6.953 GC heap before
{Heap before GC invocations=2 (full 0):
 garbage-first heap   total 65536K, used 31745K [0x00000000c1c00000, 0x0000000100000000)
  region size 1024K, 26 young (26624K), 2 survivors (2048K)
 Metaspace       used 13158K, committed 13440K, reserved 1114112K
  class space    used 1721K, committed 1856K, reserved 1048576K
}
Event: 6.959 GC heap after
{Heap after GC invocations=3 (full 0):
 garbage-first heap   total 65536K, used 9722K [0x00000000c1c00000, 0x0000000100000000)
  region size 1024K, 3 young (3072K), 3 survivors (3072K)
 Metaspace       used 13158K, committed 13440K, reserved 1114112K
  class space    used 1721K, committed 1856K, reserved 1048576K
}
Event: 8.509 GC heap before
{Heap before GC invocations=3 (full 0):
 garbage-first heap   total 65536K, used 41466K [0x00000000c1c00000, 0x0000000100000000)
  region size 1024K, 35 young (35840K), 3 survivors (3072K)
 Metaspace       used 20458K, committed 20800K, reserved 1114112K
  class space    used 2688K, committed 2816K, reserved 1048576K
}
Event: 8.533 GC heap after
{Heap after GC invocations=4 (full 0):
 garbage-first heap   total 65536K, used 11613K [0x00000000c1c00000, 0x0000000100000000)
  region size 1024K, 4 young (4096K), 4 survivors (4096K)
 Metaspace       used 20458K, committed 20800K, reserved 1114112K
  class space    used 2688K, committed 2816K, reserved 1048576K
}
Event: 8.925 GC heap before
{Heap before GC invocations=4 (full 0):
 garbage-first heap   total 65536K, used 17757K [0x00000000c1c00000, 0x0000000100000000)
  region size 1024K, 11 young (11264K), 4 survivors (4096K)
 Metaspace       used 21251K, committed 21504K, reserved 1114112K
  class space    used 2775K, committed 2880K, reserved 1048576K
}
Event: 8.944 GC heap after
{Heap after GC invocations=5 (full 0):
 garbage-first heap   total 65536K, used 12559K [0x00000000c1c00000, 0x0000000100000000)
  region size 1024K, 3 young (3072K), 3 survivors (3072K)
 Metaspace       used 21251K, committed 21504K, reserved 1114112K
  class space    used 2775K, committed 2880K, reserved 1048576K
}
Event: 9.821 GC heap before
{Heap before GC invocations=6 (full 0):
 garbage-first heap   total 48128K, used 38159K [0x00000000c1c00000, 0x0000000100000000)
  region size 1024K, 28 young (28672K), 3 survivors (3072K)
 Metaspace       used 23640K, committed 23936K, reserved 1114112K
  class space    used 3139K, committed 3264K, reserved 1048576K
}
Event: 9.828 GC heap after
{Heap after GC invocations=7 (full 0):
 garbage-first heap   total 48128K, used 13769K [0x00000000c1c00000, 0x0000000100000000)
  region size 1024K, 3 young (3072K), 3 survivors (3072K)
 Metaspace       used 23640K, committed 23936K, reserved 1114112K
  class space    used 3139K, committed 3264K, reserved 1048576K
}
Event: 9.856 GC heap before
{Heap before GC invocations=7 (full 0):
 garbage-first heap   total 48128K, used 13769K [0x00000000c1c00000, 0x0000000100000000)
  region size 1024K, 4 young (4096K), 3 survivors (3072K)
 Metaspace       used 23708K, committed 24000K, reserved 1114112K
  class space    used 3152K, committed 3264K, reserved 1048576K
}
Event: 9.861 GC heap after
{Heap after GC invocations=8 (full 0):
 garbage-first heap   total 48128K, used 14146K [0x00000000c1c00000, 0x0000000100000000)
  region size 1024K, 1 young (1024K), 1 survivors (1024K)
 Metaspace       used 23708K, committed 24000K, reserved 1114112K
  class space    used 3152K, committed 3264K, reserved 1048576K
}
Event: 10.673 GC heap before
{Heap before GC invocations=8 (full 0):
 garbage-first heap   total 48128K, used 33602K [0x00000000c1c00000, 0x0000000100000000)
  region size 1024K, 20 young (20480K), 1 survivors (1024K)
 Metaspace       used 26929K, committed 27328K, reserved 1114112K
  class space    used 3637K, committed 3840K, reserved 1048576K
}
Event: 10.678 GC heap after
{Heap after GC invocations=9 (full 0):
 garbage-first heap   total 48128K, used 15740K [0x00000000c1c00000, 0x0000000100000000)
  region size 1024K, 2 young (2048K), 2 survivors (2048K)
 Metaspace       used 26929K, committed 27328K, reserved 1114112K
  class space    used 3637K, committed 3840K, reserved 1048576K
}
Event: 11.152 GC heap before
{Heap before GC invocations=9 (full 0):
 garbage-first heap   total 48128K, used 35196K [0x00000000c1c00000, 0x0000000100000000)
  region size 1024K, 21 young (21504K), 2 survivors (2048K)
 Metaspace       used 29830K, committed 30272K, reserved 1114112K
  class space    used 4002K, committed 4224K, reserved 1048576K
}
Event: 11.160 GC heap after
{Heap after GC invocations=10 (full 0):
 garbage-first heap   total 48128K, used 17672K [0x00000000c1c00000, 0x0000000100000000)
  region size 1024K, 2 young (2048K), 2 survivors (2048K)
 Metaspace       used 29830K, committed 30272K, reserved 1114112K
  class space    used 4002K, committed 4224K, reserved 1048576K
}
Event: 11.835 GC heap before
{Heap before GC invocations=10 (full 0):
 garbage-first heap   total 48128K, used 34056K [0x00000000c1c00000, 0x0000000100000000)
  region size 1024K, 19 young (19456K), 2 survivors (2048K)
 Metaspace       used 33253K, committed 33664K, reserved 1114112K
  class space    used 4486K, committed 4672K, reserved 1048576K
}
Event: 11.841 GC heap after
{Heap after GC invocations=11 (full 0):
 garbage-first heap   total 72704K, used 18844K [0x00000000c1c00000, 0x0000000100000000)
  region size 1024K, 2 young (2048K), 2 survivors (2048K)
 Metaspace       used 33253K, committed 33664K, reserved 1114112K
  class space    used 4486K, committed 4672K, reserved 1048576K
}
Event: 12.086 GC heap before
{Heap before GC invocations=11 (full 0):
 garbage-first heap   total 72704K, used 26012K [0x00000000c1c00000, 0x0000000100000000)
  region size 1024K, 10 young (10240K), 2 survivors (2048K)
 Metaspace       used 35547K, committed 35968K, reserved 1114112K
  class space    used 4911K, committed 5120K, reserved 1048576K
}
Event: 12.091 GC heap after
{Heap after GC invocations=12 (full 0):
 garbage-first heap   total 72704K, used 19082K [0x00000000c1c00000, 0x0000000100000000)
  region size 1024K, 2 young (2048K), 2 survivors (2048K)
 Metaspace       used 35547K, committed 35968K, reserved 1114112K
  class space    used 4911K, committed 5120K, reserved 1048576K
}

